<?xml version="1.0" encoding="UTF-8"?>
<testsuite name="jsample.gradle.AppTest" tests="1" skipped="0" failures="0" errors="0" timestamp="2017-03-12T08:12:45" hostname="Vikassach-Lap" time="0.002">
  <properties/>
  <testcase name="testAppHasAGreeting" classname="jsample.gradle.AppTest" time="0.002"/>
  <system-out><![CDATA[]]></system-out>
  <system-err><![CDATA[]]></system-err>
</testsuite>
